<?xml version="1.0" encoding="UTF-8"?>
<!-- Generated by org.testng.reporters.JUnitReportReporter -->
<testsuite skipped="0" hostname="DESKTOP-TLIRE04" name="DemoTest.CreateLeadTest" tests="1" failures="0" timestamp="2022-02-01T11:31:56 IST" time="25.723" errors="0">
  <testcase name="createLead" time="25.723" classname="DemoTest.CreateLeadTest"/>
  <system-out/>
</testsuite> <!-- DemoTest.CreateLeadTest -->
